Build started 12/13/2015 8:06:13 PM.
     1>Project "C:\Users\Alex\Dropbox\Escuela\9no Semestre\Algorithm Engineering\Final Project\Program files\AlgEngFinal\AlgEngFinal\AlgEngFinal.vcxproj" on node 2 (Build target(s)).
     1>ClCompile:
         C:\Program Files (x86)\Microsoft Visual Studio 14.0\VC\bin\x86_amd64\CL.exe /c /ZI /nologo /W3 /WX- /sdl /Od /D _DEBUG /D _CONSOLE /D _UNICODE /D UNICODE /Gm /EHsc /RTC1 /MDd /GS /fp:precise /Zc:wchar_t /Zc:forScope /Zc:inline /Fo"x64\Debug\\" /Fd"x64\Debug\vc140.pdb" /Gd /TP /errorReport:prompt Source.cpp
         Source.cpp
     1>c:\users\alex\dropbox\escuela\9no semestre\algorithm engineering\final project\program files\algengfinal\algengfinal\source.cpp(200): warning C4244: 'argument': conversion from 'time_t' to 'unsigned int', possible loss of data
     1>c:\users\alex\dropbox\escuela\9no semestre\algorithm engineering\final project\program files\algengfinal\algengfinal\source.cpp(213): warning C4244: 'argument': conversion from 'time_t' to 'unsigned int', possible loss of data
     1>c:\users\alex\dropbox\escuela\9no semestre\algorithm engineering\final project\program files\algengfinal\algengfinal\source.cpp(256): warning C4018: '>': signed/unsigned mismatch
     1>c:\users\alex\dropbox\escuela\9no semestre\algorithm engineering\final project\program files\algengfinal\algengfinal\source.cpp(260): warning C4018: '<': signed/unsigned mismatch
     1>c:\users\alex\dropbox\escuela\9no semestre\algorithm engineering\final project\program files\algengfinal\algengfinal\source.cpp(301): warning C4018: '>': signed/unsigned mismatch
     1>c:\users\alex\dropbox\escuela\9no semestre\algorithm engineering\final project\program files\algengfinal\algengfinal\source.cpp(329): warning C4018: '>': signed/unsigned mismatch
     1>c:\users\alex\dropbox\escuela\9no semestre\algorithm engineering\final project\program files\algengfinal\algengfinal\source.cpp(439): warning C4244: 'argument': conversion from 'time_t' to 'unsigned int', possible loss of data
       Link:
         C:\Program Files (x86)\Microsoft Visual Studio 14.0\VC\bin\x86_amd64\link.exe /ERRORREPORT:PROMPT /OUT:"C:\Users\Alex\Dropbox\Escuela\9no Semestre\Algorithm Engineering\Final Project\Program files\AlgEngFinal\x64\Debug\AlgEngFinal.exe" /INCREMENTAL /NOLOGO kernel32.lib user32.lib gdi32.lib winspool.lib comdlg32.lib advapi32.lib shell32.lib ole32.lib oleaut32.lib uuid.lib odbc32.lib odbccp32.lib /MANIFEST /MANIFESTUAC:"level='asInvoker' uiAccess='false'" /manifest:embed /Debug /PDB:"C:\Users\Alex\Dropbox\Escuela\9no Semestre\Algorithm Engineering\Final Project\Program files\AlgEngFinal\x64\Debug\AlgEngFinal.pdb" /SUBSYSTEM:CONSOLE /TLBID:1 /DYNAMICBASE /NXCOMPAT /IMPLIB:"C:\Users\Alex\Dropbox\Escuela\9no Semestre\Algorithm Engineering\Final Project\Program files\AlgEngFinal\x64\Debug\AlgEngFinal.lib" /MACHINE:X64 x64\Debug\Source.obj
     1>LINK : fatal error LNK1168: cannot open C:\Users\Alex\Dropbox\Escuela\9no Semestre\Algorithm Engineering\Final Project\Program files\AlgEngFinal\x64\Debug\AlgEngFinal.exe for writing
     1>Done Building Project "C:\Users\Alex\Dropbox\Escuela\9no Semestre\Algorithm Engineering\Final Project\Program files\AlgEngFinal\AlgEngFinal\AlgEngFinal.vcxproj" (Build target(s)) -- FAILED.

Build FAILED.

Time Elapsed 00:00:09.01
